[1/14] cl /c /Zc:__cplusplus /Zp8 /GR /W3 /EHs /nologo /MD /D_CRT_SECURE_NO_DEPRECATE /D_SCL_SECURE_NO_DEPRECATE /D_SECURE_SCL=0   /DMATLAB_MEX_FILE  /DMATLAB_MEX_FILE /O2 /Oy- /DNDEBUG /fp:strict /utf-8 /I "." /I "G:\My Drive\MATLAB\m. RSV modelling\22. RSV c mex no ILI proxy Thailand rev reporting by age" /I ".\interface" /I "C:\Program Files\MATLAB\R2025a\extern\include" /I "." -DMODEL=age_SEIR_RSV_mex   "C:\Program Files\MATLAB\R2025a\extern\version\c_mexapi_version.c" /Fobuild\win64\c_mexapi_version.obj
c_mexapi_version.c
[2/14] cl /c /Zc:__cplusplus /Zp8 /GR /W3 /EHs /nologo /MD /D_CRT_SECURE_NO_DEPRECATE /D_SCL_SECURE_NO_DEPRECATE /D_SECURE_SCL=0   /DMATLAB_MEX_FILE  /DMATLAB_MEX_FILE /O2 /Oy- /DNDEBUG /fp:strict /utf-8 /I "." /I "G:\My Drive\MATLAB\m. RSV modelling\22. RSV c mex no ILI proxy Thailand rev reporting by age" /I ".\interface" /I "C:\Program Files\MATLAB\R2025a\extern\include" /I "." -DMODEL=age_SEIR_RSV_mex   age_SEIR_RSV_initialize.c /Fobuild\win64\age_SEIR_RSV_initialize.obj
age_SEIR_RSV_initialize.c
[3/14] cl /c /Zc:__cplusplus /Zp8 /GR /W3 /EHs /nologo /MD /D_CRT_SECURE_NO_DEPRECATE /D_SCL_SECURE_NO_DEPRECATE /D_SECURE_SCL=0   /DMATLAB_MEX_FILE  /DMATLAB_MEX_FILE /O2 /Oy- /DNDEBUG /fp:strict /utf-8 /I "." /I "G:\My Drive\MATLAB\m. RSV modelling\22. RSV c mex no ILI proxy Thailand rev reporting by age" /I ".\interface" /I "C:\Program Files\MATLAB\R2025a\extern\include" /I "." -DMODEL=age_SEIR_RSV_mex   age_SEIR_RSV_emxutil.c /Fobuild\win64\age_SEIR_RSV_emxutil.obj
age_SEIR_RSV_emxutil.c
[4/14] cl /c /Zc:__cplusplus /Zp8 /GR /W3 /EHs /nologo /MD /D_CRT_SECURE_NO_DEPRECATE /D_SCL_SECURE_NO_DEPRECATE /D_SECURE_SCL=0   /DMATLAB_MEX_FILE  /DMATLAB_MEX_FILE /O2 /Oy- /DNDEBUG /fp:strict /utf-8 /I "." /I "G:\My Drive\MATLAB\m. RSV modelling\22. RSV c mex no ILI proxy Thailand rev reporting by age" /I ".\interface" /I "C:\Program Files\MATLAB\R2025a\extern\include" /I "." -DMODEL=age_SEIR_RSV_mex   rt_nonfinite.c /Fobuild\win64\rt_nonfinite.obj
rt_nonfinite.c
[5/14] cl /c /Zc:__cplusplus /Zp8 /GR /W3 /EHs /nologo /MD /D_CRT_SECURE_NO_DEPRECATE /D_SCL_SECURE_NO_DEPRECATE /D_SECURE_SCL=0   /DMATLAB_MEX_FILE  /DMATLAB_MEX_FILE /O2 /Oy- /DNDEBUG /fp:strict /utf-8 /I "." /I "G:\My Drive\MATLAB\m. RSV modelling\22. RSV c mex no ILI proxy Thailand rev reporting by age" /I ".\interface" /I "C:\Program Files\MATLAB\R2025a\extern\include" /I "." -DMODEL=age_SEIR_RSV_mex   interface\_coder_age_SEIR_RSV_mex.c /Fobuild\win64\_coder_age_SEIR_RSV_mex.obj
_coder_age_SEIR_RSV_mex.c
[6/14] cl /c /Zc:__cplusplus /Zp8 /GR /W3 /EHs /nologo /MD /D_CRT_SECURE_NO_DEPRECATE /D_SCL_SECURE_NO_DEPRECATE /D_SECURE_SCL=0   /DMATLAB_MEX_FILE  /DMATLAB_MEX_FILE /O2 /Oy- /DNDEBUG /fp:strict /utf-8 /I "." /I "G:\My Drive\MATLAB\m. RSV modelling\22. RSV c mex no ILI proxy Thailand rev reporting by age" /I ".\interface" /I "C:\Program Files\MATLAB\R2025a\extern\include" /I "." -DMODEL=age_SEIR_RSV_mex   age_SEIR_RSV_data.c /Fobuild\win64\age_SEIR_RSV_data.obj
age_SEIR_RSV_data.c
[7/14] cl /c /Zc:__cplusplus /Zp8 /GR /W3 /EHs /nologo /MD /D_CRT_SECURE_NO_DEPRECATE /D_SCL_SECURE_NO_DEPRECATE /D_SECURE_SCL=0   /DMATLAB_MEX_FILE  /DMATLAB_MEX_FILE /O2 /Oy- /DNDEBUG /fp:strict /utf-8 /I "." /I "G:\My Drive\MATLAB\m. RSV modelling\22. RSV c mex no ILI proxy Thailand rev reporting by age" /I ".\interface" /I "C:\Program Files\MATLAB\R2025a\extern\include" /I "." -DMODEL=age_SEIR_RSV_mex   sumMatrixIncludeNaN.c /Fobuild\win64\sumMatrixIncludeNaN.obj
sumMatrixIncludeNaN.c
[8/14] cl /c /Zc:__cplusplus /Zp8 /GR /W3 /EHs /nologo /MD /D_CRT_SECURE_NO_DEPRECATE /D_SCL_SECURE_NO_DEPRECATE /D_SECURE_SCL=0   /DMATLAB_MEX_FILE  /DMATLAB_MEX_FILE /O2 /Oy- /DNDEBUG /fp:strict /utf-8 /I "." /I "G:\My Drive\MATLAB\m. RSV modelling\22. RSV c mex no ILI proxy Thailand rev reporting by age" /I ".\interface" /I "C:\Program Files\MATLAB\R2025a\extern\include" /I "." -DMODEL=age_SEIR_RSV_mex   age_SEIR_RSV_terminate.c /Fobuild\win64\age_SEIR_RSV_terminate.obj
age_SEIR_RSV_terminate.c
[9/14] cl /c /Zc:__cplusplus /Zp8 /GR /W3 /EHs /nologo /MD /D_CRT_SECURE_NO_DEPRECATE /D_SCL_SECURE_NO_DEPRECATE /D_SECURE_SCL=0   /DMATLAB_MEX_FILE  /DMATLAB_MEX_FILE /O2 /Oy- /DNDEBUG /fp:strict /utf-8 /I "." /I "G:\My Drive\MATLAB\m. RSV modelling\22. RSV c mex no ILI proxy Thailand rev reporting by age" /I ".\interface" /I "C:\Program Files\MATLAB\R2025a\extern\include" /I "." -DMODEL=age_SEIR_RSV_mex   indexShapeCheck.c /Fobuild\win64\indexShapeCheck.obj
indexShapeCheck.c
[10/14] cl /c /Zc:__cplusplus /Zp8 /GR /W3 /EHs /nologo /MD /D_CRT_SECURE_NO_DEPRECATE /D_SCL_SECURE_NO_DEPRECATE /D_SECURE_SCL=0   /DMATLAB_MEX_FILE  /DMATLAB_MEX_FILE /O2 /Oy- /DNDEBUG /fp:strict /utf-8 /I "." /I "G:\My Drive\MATLAB\m. RSV modelling\22. RSV c mex no ILI proxy Thailand rev reporting by age" /I ".\interface" /I "C:\Program Files\MATLAB\R2025a\extern\include" /I "." -DMODEL=age_SEIR_RSV_mex   interface\_coder_age_SEIR_RSV_info.c /Fobuild\win64\_coder_age_SEIR_RSV_info.obj
_coder_age_SEIR_RSV_info.c
[11/14] cl /c /Zc:__cplusplus /Zp8 /GR /W3 /EHs /nologo /MD /D_CRT_SECURE_NO_DEPRECATE /D_SCL_SECURE_NO_DEPRECATE /D_SECURE_SCL=0   /DMATLAB_MEX_FILE  /DMATLAB_MEX_FILE /O2 /Oy- /DNDEBUG /fp:strict /utf-8 /I "." /I "G:\My Drive\MATLAB\m. RSV modelling\22. RSV c mex no ILI proxy Thailand rev reporting by age" /I ".\interface" /I "C:\Program Files\MATLAB\R2025a\extern\include" /I "." -DMODEL=age_SEIR_RSV_mex   age_SEIR_initial_conditions.c /Fobuild\win64\age_SEIR_initial_conditions.obj
age_SEIR_initial_conditions.c
[12/14] cl /c /Zc:__cplusplus /Zp8 /GR /W3 /EHs /nologo /MD /D_CRT_SECURE_NO_DEPRECATE /D_SCL_SECURE_NO_DEPRECATE /D_SECURE_SCL=0   /DMATLAB_MEX_FILE  /DMATLAB_MEX_FILE /O2 /Oy- /DNDEBUG /fp:strict /utf-8 /I "." /I "G:\My Drive\MATLAB\m. RSV modelling\22. RSV c mex no ILI proxy Thailand rev reporting by age" /I ".\interface" /I "C:\Program Files\MATLAB\R2025a\extern\include" /I "." -DMODEL=age_SEIR_RSV_mex   interface\_coder_age_SEIR_RSV_api.c /Fobuild\win64\_coder_age_SEIR_RSV_api.obj
_coder_age_SEIR_RSV_api.c
[13/14] cl /c /Zc:__cplusplus /Zp8 /GR /W3 /EHs /nologo /MD /D_CRT_SECURE_NO_DEPRECATE /D_SCL_SECURE_NO_DEPRECATE /D_SECURE_SCL=0   /DMATLAB_MEX_FILE  /DMATLAB_MEX_FILE /O2 /Oy- /DNDEBUG /fp:strict /utf-8 /I "." /I "G:\My Drive\MATLAB\m. RSV modelling\22. RSV c mex no ILI proxy Thailand rev reporting by age" /I ".\interface" /I "C:\Program Files\MATLAB\R2025a\extern\include" /I "." -DMODEL=age_SEIR_RSV_mex   age_SEIR_RSV.c /Fobuild\win64\age_SEIR_RSV.obj
age_SEIR_RSV.c
[14/14] link @age_SEIR_RSV_mex.mexw64.rsp  /nologo    /DLL /LIBPATH:"C:\Program Files\MATLAB\R2025a\extern\lib\win64\microsoft" libmx.lib libmex.lib libmat.lib kernel32.lib user32.lib gdi32.lib winspool.lib comdlg32.lib advapi32.lib shell32.lib ole32.lib oleaut32.lib uuid.lib odbc32.lib odbccp32.lib  /out:"age_SEIR_RSV_mex.mexw64" libemlrt.lib libcovrt.lib libut.lib libmwmathutil.lib  /export:mexFunction /export:mexfilerequiredapiversion /export:emlrtMexFcnProperties /export:age_SEIR_RSV /export:age_SEIR_RSV_initialize /export:age_SEIR_RSV_terminate /export:age_SEIR_RSV_atexit /export:emxEnsureCapacity_real_T /export:emxFreeStruct_struct1_T /export:emxFree_real_T /export:emxInitStruct_struct1_T /export:emxInit_real_T
   Creating library age_SEIR_RSV_mex.lib and object age_SEIR_RSV_mex.exp
