[1/15] cl /c /Zc:__cplusplus /Zp8 /GR /W3 /EHs /nologo /MD /D_CRT_SECURE_NO_DEPRECATE /D_SCL_SECURE_NO_DEPRECATE /D_SECURE_SCL=0   /DMATLAB_MEX_FILE  /DMATLAB_MEX_FILE /O2 /Oy- /DNDEBUG /fp:strict /utf-8 /I "." /I "G:\My Drive\MATLAB\m. RSV modelling\46. RSV simulation only with mAb and vaccination HK" /I ".\interface" /I "C:\Program Files\MATLAB\R2025a\extern\include" /I "." -DMODEL=age_SEIR_RSV_intervention_mex   rt_nonfinite.c /Fobuild\win64\rt_nonfinite.obj
rt_nonfinite.c
[2/15] cl /c /Zc:__cplusplus /Zp8 /GR /W3 /EHs /nologo /MD /D_CRT_SECURE_NO_DEPRECATE /D_SCL_SECURE_NO_DEPRECATE /D_SECURE_SCL=0   /DMATLAB_MEX_FILE  /DMATLAB_MEX_FILE /O2 /Oy- /DNDEBUG /fp:strict /utf-8 /I "." /I "G:\My Drive\MATLAB\m. RSV modelling\46. RSV simulation only with mAb and vaccination HK" /I ".\interface" /I "C:\Program Files\MATLAB\R2025a\extern\include" /I "." -DMODEL=age_SEIR_RSV_intervention_mex   "C:\Program Files\MATLAB\R2025a\extern\version\c_mexapi_version.c" /Fobuild\win64\c_mexapi_version.obj
c_mexapi_version.c
[3/15] cl /c /Zc:__cplusplus /Zp8 /GR /W3 /EHs /nologo /MD /D_CRT_SECURE_NO_DEPRECATE /D_SCL_SECURE_NO_DEPRECATE /D_SECURE_SCL=0   /DMATLAB_MEX_FILE  /DMATLAB_MEX_FILE /O2 /Oy- /DNDEBUG /fp:strict /utf-8 /I "." /I "G:\My Drive\MATLAB\m. RSV modelling\46. RSV simulation only with mAb and vaccination HK" /I ".\interface" /I "C:\Program Files\MATLAB\R2025a\extern\include" /I "." -DMODEL=age_SEIR_RSV_intervention_mex   indexShapeCheck.c /Fobuild\win64\indexShapeCheck.obj
indexShapeCheck.c
[4/15] cl /c /Zc:__cplusplus /Zp8 /GR /W3 /EHs /nologo /MD /D_CRT_SECURE_NO_DEPRECATE /D_SCL_SECURE_NO_DEPRECATE /D_SECURE_SCL=0   /DMATLAB_MEX_FILE  /DMATLAB_MEX_FILE /O2 /Oy- /DNDEBUG /fp:strict /utf-8 /I "." /I "G:\My Drive\MATLAB\m. RSV modelling\46. RSV simulation only with mAb and vaccination HK" /I ".\interface" /I "C:\Program Files\MATLAB\R2025a\extern\include" /I "." -DMODEL=age_SEIR_RSV_intervention_mex   age_SEIR_RSV_intervention_data.c /Fobuild\win64\age_SEIR_RSV_intervention_data.obj
age_SEIR_RSV_intervention_data.c
[5/15] cl /c /Zc:__cplusplus /Zp8 /GR /W3 /EHs /nologo /MD /D_CRT_SECURE_NO_DEPRECATE /D_SCL_SECURE_NO_DEPRECATE /D_SECURE_SCL=0   /DMATLAB_MEX_FILE  /DMATLAB_MEX_FILE /O2 /Oy- /DNDEBUG /fp:strict /utf-8 /I "." /I "G:\My Drive\MATLAB\m. RSV modelling\46. RSV simulation only with mAb and vaccination HK" /I ".\interface" /I "C:\Program Files\MATLAB\R2025a\extern\include" /I "." -DMODEL=age_SEIR_RSV_intervention_mex   sumMatrixIncludeNaN.c /Fobuild\win64\sumMatrixIncludeNaN.obj
sumMatrixIncludeNaN.c
[6/15] cl /c /Zc:__cplusplus /Zp8 /GR /W3 /EHs /nologo /MD /D_CRT_SECURE_NO_DEPRECATE /D_SCL_SECURE_NO_DEPRECATE /D_SECURE_SCL=0   /DMATLAB_MEX_FILE  /DMATLAB_MEX_FILE /O2 /Oy- /DNDEBUG /fp:strict /utf-8 /I "." /I "G:\My Drive\MATLAB\m. RSV modelling\46. RSV simulation only with mAb and vaccination HK" /I ".\interface" /I "C:\Program Files\MATLAB\R2025a\extern\include" /I "." -DMODEL=age_SEIR_RSV_intervention_mex   repmat.c /Fobuild\win64\repmat.obj
repmat.c
[7/15] cl /c /Zc:__cplusplus /Zp8 /GR /W3 /EHs /nologo /MD /D_CRT_SECURE_NO_DEPRECATE /D_SCL_SECURE_NO_DEPRECATE /D_SECURE_SCL=0   /DMATLAB_MEX_FILE  /DMATLAB_MEX_FILE /O2 /Oy- /DNDEBUG /fp:strict /utf-8 /I "." /I "G:\My Drive\MATLAB\m. RSV modelling\46. RSV simulation only with mAb and vaccination HK" /I ".\interface" /I "C:\Program Files\MATLAB\R2025a\extern\include" /I "." -DMODEL=age_SEIR_RSV_intervention_mex   age_SEIR_RSV_intervention_terminate.c /Fobuild\win64\age_SEIR_RSV_intervention_terminate.obj
age_SEIR_RSV_intervention_terminate.c
[8/15] cl /c /Zc:__cplusplus /Zp8 /GR /W3 /EHs /nologo /MD /D_CRT_SECURE_NO_DEPRECATE /D_SCL_SECURE_NO_DEPRECATE /D_SECURE_SCL=0   /DMATLAB_MEX_FILE  /DMATLAB_MEX_FILE /O2 /Oy- /DNDEBUG /fp:strict /utf-8 /I "." /I "G:\My Drive\MATLAB\m. RSV modelling\46. RSV simulation only with mAb and vaccination HK" /I ".\interface" /I "C:\Program Files\MATLAB\R2025a\extern\include" /I "." -DMODEL=age_SEIR_RSV_intervention_mex   interface\_coder_age_SEIR_RSV_intervention_mex.c /Fobuild\win64\_coder_age_SEIR_RSV_intervention_mex.obj
_coder_age_SEIR_RSV_intervention_mex.c
[9/15] cl /c /Zc:__cplusplus /Zp8 /GR /W3 /EHs /nologo /MD /D_CRT_SECURE_NO_DEPRECATE /D_SCL_SECURE_NO_DEPRECATE /D_SECURE_SCL=0   /DMATLAB_MEX_FILE  /DMATLAB_MEX_FILE /O2 /Oy- /DNDEBUG /fp:strict /utf-8 /I "." /I "G:\My Drive\MATLAB\m. RSV modelling\46. RSV simulation only with mAb and vaccination HK" /I ".\interface" /I "C:\Program Files\MATLAB\R2025a\extern\include" /I "." -DMODEL=age_SEIR_RSV_intervention_mex   age_SEIR_RSV_intervention_emxutil.c /Fobuild\win64\age_SEIR_RSV_intervention_emxutil.obj
age_SEIR_RSV_intervention_emxutil.c
[10/15] cl /c /Zc:__cplusplus /Zp8 /GR /W3 /EHs /nologo /MD /D_CRT_SECURE_NO_DEPRECATE /D_SCL_SECURE_NO_DEPRECATE /D_SECURE_SCL=0   /DMATLAB_MEX_FILE  /DMATLAB_MEX_FILE /O2 /Oy- /DNDEBUG /fp:strict /utf-8 /I "." /I "G:\My Drive\MATLAB\m. RSV modelling\46. RSV simulation only with mAb and vaccination HK" /I ".\interface" /I "C:\Program Files\MATLAB\R2025a\extern\include" /I "." -DMODEL=age_SEIR_RSV_intervention_mex   age_SEIR_RSV_intervention_initialize.c /Fobuild\win64\age_SEIR_RSV_intervention_initialize.obj
age_SEIR_RSV_intervention_initialize.c
[11/15] cl /c /Zc:__cplusplus /Zp8 /GR /W3 /EHs /nologo /MD /D_CRT_SECURE_NO_DEPRECATE /D_SCL_SECURE_NO_DEPRECATE /D_SECURE_SCL=0   /DMATLAB_MEX_FILE  /DMATLAB_MEX_FILE /O2 /Oy- /DNDEBUG /fp:strict /utf-8 /I "." /I "G:\My Drive\MATLAB\m. RSV modelling\46. RSV simulation only with mAb and vaccination HK" /I ".\interface" /I "C:\Program Files\MATLAB\R2025a\extern\include" /I "." -DMODEL=age_SEIR_RSV_intervention_mex   interface\_coder_age_SEIR_RSV_intervention_info.c /Fobuild\win64\_coder_age_SEIR_RSV_intervention_info.obj
_coder_age_SEIR_RSV_intervention_info.c
[12/15] cl /c /Zc:__cplusplus /Zp8 /GR /W3 /EHs /nologo /MD /D_CRT_SECURE_NO_DEPRECATE /D_SCL_SECURE_NO_DEPRECATE /D_SECURE_SCL=0   /DMATLAB_MEX_FILE  /DMATLAB_MEX_FILE /O2 /Oy- /DNDEBUG /fp:strict /utf-8 /I "." /I "G:\My Drive\MATLAB\m. RSV modelling\46. RSV simulation only with mAb and vaccination HK" /I ".\interface" /I "C:\Program Files\MATLAB\R2025a\extern\include" /I "." -DMODEL=age_SEIR_RSV_intervention_mex   age_SEIR_initial_conditions_intervention.c /Fobuild\win64\age_SEIR_initial_conditions_intervention.obj
age_SEIR_initial_conditions_intervention.c
[13/15] cl /c /Zc:__cplusplus /Zp8 /GR /W3 /EHs /nologo /MD /D_CRT_SECURE_NO_DEPRECATE /D_SCL_SECURE_NO_DEPRECATE /D_SECURE_SCL=0   /DMATLAB_MEX_FILE  /DMATLAB_MEX_FILE /O2 /Oy- /DNDEBUG /fp:strict /utf-8 /I "." /I "G:\My Drive\MATLAB\m. RSV modelling\46. RSV simulation only with mAb and vaccination HK" /I ".\interface" /I "C:\Program Files\MATLAB\R2025a\extern\include" /I "." -DMODEL=age_SEIR_RSV_intervention_mex   interface\_coder_age_SEIR_RSV_intervention_api.c /Fobuild\win64\_coder_age_SEIR_RSV_intervention_api.obj
_coder_age_SEIR_RSV_intervention_api.c
[14/15] cl /c /Zc:__cplusplus /Zp8 /GR /W3 /EHs /nologo /MD /D_CRT_SECURE_NO_DEPRECATE /D_SCL_SECURE_NO_DEPRECATE /D_SECURE_SCL=0   /DMATLAB_MEX_FILE  /DMATLAB_MEX_FILE /O2 /Oy- /DNDEBUG /fp:strict /utf-8 /I "." /I "G:\My Drive\MATLAB\m. RSV modelling\46. RSV simulation only with mAb and vaccination HK" /I ".\interface" /I "C:\Program Files\MATLAB\R2025a\extern\include" /I "." -DMODEL=age_SEIR_RSV_intervention_mex   age_SEIR_RSV_intervention.c /Fobuild\win64\age_SEIR_RSV_intervention.obj
age_SEIR_RSV_intervention.c
[15/15] link @age_SEIR_RSV_intervention_mex.mexw64.rsp  /nologo    /DLL /LIBPATH:"C:\Program Files\MATLAB\R2025a\extern\lib\win64\microsoft" libmx.lib libmex.lib libmat.lib kernel32.lib user32.lib gdi32.lib winspool.lib comdlg32.lib advapi32.lib shell32.lib ole32.lib oleaut32.lib uuid.lib odbc32.lib odbccp32.lib  /out:"age_SEIR_RSV_intervention_mex.mexw64" libemlrt.lib libcovrt.lib libut.lib libmwmathutil.lib  /export:mexFunction /export:mexfilerequiredapiversion /export:emlrtMexFcnProperties /export:age_SEIR_RSV_intervention /export:age_SEIR_RSV_intervention_initialize /export:age_SEIR_RSV_intervention_terminate /export:age_SEIR_RSV_intervention_atexit /export:emxEnsureCapacity_real_T /export:emxFreeStruct_struct1_T /export:emxFree_real_T /export:emxInitStruct_struct1_T /export:emxInit_real_T
   Creating library age_SEIR_RSV_intervention_mex.lib and object age_SEIR_RSV_intervention_mex.exp
